#
# There is insufficient memory for the Java Runtime Environment to continue.
# Native memory allocation (mmap) failed to map 120586240 bytes for Failed to commit area from 0x000000074db00000 to 0x0000000754e00000 of length 120586240.
# Possible reasons:
#   The system is out of physical RAM or swap space
#   The process is running with CompressedOops enabled, and the Java Heap may be blocking the growth of the native heap
# Possible solutions:
#   Reduce memory load on the system
#   Increase physical memory or swap space
#   Check if swap backing store is full
#   Decrease Java heap size (-Xmx/-Xms)
#   Decrease number of Java threads
#   Decrease Java thread stack sizes (-Xss)
#   Set larger code cache with -XX:ReservedCodeCacheSize=
#   JVM is running with Zero Based Compressed Oops mode in which the Java heap is
#     placed in the first 32GB address space. The Java Heap base address is the
#     maximum limit for the native heap growth. Please use -XX:HeapBaseMinAddress
#     to set the Java Heap base and to place the Java Heap above 32GB virtual address.
# This output file may be truncated or incomplete.
#
#  Out of Memory Error (./open/src/hotspot/os/windows/os_windows.cpp:3273), pid=11060, tid=9804
#
# JRE version: Java(TM) SE Runtime Environment 18.9 (11.0.12+8) (build 11.0.12+8-LTS-237)
# Java VM: Java HotSpot(TM) 64-Bit Server VM 18.9 (11.0.12+8-LTS-237, mixed mode, tiered, compressed oops, g1 gc, windows-amd64)
# No core dump will be written. Minidumps are not enabled by default on client versions of Windows
#

---------------  S U M M A R Y ------------

Command Line: -Dfile.encoding=Cp1252 becapp.Becapp

Host: Intel(R) Core(TM) i5-8250U CPU @ 1.60GHz, 8 cores, 11G,  Windows 10 , 64 bit Build 19041 (10.0.19041.1706)
Time: Sat May 28 22:28:57 2022 Hora de verano romance elapsed time: 7.729487 seconds (0d 0h 0m 7s)

---------------  T H R E A D  ---------------

Current thread (0x00000193a16db000):  JavaThread "Image Fetcher 0" daemon [_thread_in_vm, id=9804, stack(0x0000007344a00000,0x0000007344b00000)]

Stack: [0x0000007344a00000,0x0000007344b00000]
Native frames: (J=compiled Java code, j=interpreted, Vv=VM code, C=native code)
V  [jvm.dll+0x617d9a]
V  [jvm.dll+0x74eeef]
V  [jvm.dll+0x750599]
V  [jvm.dll+0x750c23]
V  [jvm.dll+0x2438d8]
V  [jvm.dll+0x61518a]
V  [jvm.dll+0x609f45]
V  [jvm.dll+0x2f85cc]
V  [jvm.dll+0x2f8452]
V  [jvm.dll+0x2fd106]
V  [jvm.dll+0x33f6ef]
V  [jvm.dll+0x33f120]
V  [jvm.dll+0x2d64dc]
V  [jvm.dll+0x2d23df]
V  [jvm.dll+0x5aff92]
V  [jvm.dll+0x5afab7]
V  [jvm.dll+0x1e86cd]
V  [jvm.dll+0x7291d7]
V  [jvm.dll+0x3622a4]
C  0x00000193883fed37

Java frames: (J=compiled Java code, j=interpreted, Vv=VM code)
j  java.awt.image.DataBufferInt.<init>(I)V+11 java.desktop@11.0.12
j  java.awt.image.Raster.createPackedRaster(III[ILjava/awt/Point;)Ljava/awt/image/WritableRaster;+69 java.desktop@11.0.12
j  java.awt.image.DirectColorModel.createCompatibleWritableRaster(II)Ljava/awt/image/WritableRaster;+83 java.desktop@11.0.12
j  sun.awt.image.ImageRepresentation.createBufferedImage()V+18 java.desktop@11.0.12
J 2628 c1 sun.awt.image.ImageRepresentation.setPixels(IIIILjava/awt/image/ColorModel;[III)V java.desktop@11.0.12 (527 bytes) @ 0x0000019388e94f1c [0x0000019388e94bc0+0x000000000000035c]
J 2626 c2 sun.awt.image.ImageDecoder.setPixels(IIIILjava/awt/image/ColorModel;[III)I java.desktop@11.0.12 (58 bytes) @ 0x000001938ffacf68 [0x000001938ffacd40+0x0000000000000228]
J 2600 c2 sun.awt.image.JPEGImageDecoder.sendPixels([II)Z java.desktop@11.0.12 (40 bytes) @ 0x000001938ffa5b80 [0x000001938ffa5b20+0x0000000000000060]
v  ~StubRoutines::call_stub
j  sun.awt.image.JPEGImageDecoder.readImage(Ljava/io/InputStream;[B)V+0 java.desktop@11.0.12
j  sun.awt.image.JPEGImageDecoder.produceImage()V+10 java.desktop@11.0.12
j  sun.awt.image.InputStreamImageSource.doFetch()V+51 java.desktop@11.0.12
j  sun.awt.image.ImageFetcher.fetchloop()V+31 java.desktop@11.0.12
j  sun.awt.image.ImageFetcher.run()V+5 java.desktop@11.0.12
v  ~StubRoutines::call_stub

---------------  P R O C E S S  ---------------

Threads class SMR info:
_java_thread_list=0x00000193a1d5f310, length=19, elements={
0x00000193fff44000, 0x00000193fff45800, 0x000001939fbc7000, 0x000001939fbc9000,
0x000001939fbcc800, 0x000001939fb7f800, 0x000001939fbce000, 0x000001939fbd9800,
0x000001939fd5a800, 0x00000193a01d4000, 0x00000193a0145800, 0x00000193a0148800,
0x00000193a1531800, 0x00000193a11e1800, 0x00000193a1946000, 0x00000193a1e36800,
0x00000193fd6b6000, 0x00000193a16db000, 0x00000193a37a6000
}

Java Threads: ( => current thread )
  0x00000193fff44000 JavaThread "Reference Handler" daemon [_thread_blocked, id=12824, stack(0x0000007343000000,0x0000007343100000)]
  0x00000193fff45800 JavaThread "Finalizer" daemon [_thread_blocked, id=7936, stack(0x0000007343100000,0x0000007343200000)]
  0x000001939fbc7000 JavaThread "Signal Dispatcher" daemon [_thread_blocked, id=7728, stack(0x0000007343200000,0x0000007343300000)]
  0x000001939fbc9000 JavaThread "Attach Listener" daemon [_thread_blocked, id=6624, stack(0x0000007343300000,0x0000007343400000)]
  0x000001939fbcc800 JavaThread "Service Thread" daemon [_thread_blocked, id=3992, stack(0x0000007343400000,0x0000007343500000)]
  0x000001939fb7f800 JavaThread "C2 CompilerThread0" daemon [_thread_blocked, id=10200, stack(0x0000007343500000,0x0000007343600000)]
  0x000001939fbce000 JavaThread "C1 CompilerThread0" daemon [_thread_blocked, id=8284, stack(0x0000007343600000,0x0000007343700000)]
  0x000001939fbd9800 JavaThread "Sweeper thread" daemon [_thread_blocked, id=12132, stack(0x0000007343700000,0x0000007343800000)]
  0x000001939fd5a800 JavaThread "Common-Cleaner" daemon [_thread_blocked, id=11424, stack(0x0000007343900000,0x0000007343a00000)]
  0x00000193a01d4000 JavaThread "Java2D Disposer" daemon [_thread_blocked, id=12348, stack(0x0000007343b00000,0x0000007343c00000)]
  0x00000193a0145800 JavaThread "AWT-Shutdown" [_thread_blocked, id=5024, stack(0x0000007343c00000,0x0000007343d00000)]
  0x00000193a0148800 JavaThread "AWT-Windows" daemon [_thread_blocked, id=9404, stack(0x0000007343d00000,0x0000007343e00000)]
  0x00000193a1531800 JavaThread "oracle.jdbc.driver.BlockSource.ThreadedCachingBlockSource.BlockReleaser" daemon [_thread_blocked, id=12012, stack(0x0000007343f00000,0x0000007344000000)]
  0x00000193a11e1800 JavaThread "InterruptTimer" daemon [_thread_blocked, id=8804, stack(0x0000007344200000,0x0000007344300000)]
  0x00000193a1946000 JavaThread "OJDBC-WORKER-THREAD-1" daemon [_thread_blocked, id=7080, stack(0x0000007344500000,0x0000007344600000)]
  0x00000193a1e36800 JavaThread "AWT-EventQueue-0" [_thread_blocked, id=2456, stack(0x0000007344600000,0x0000007344700000)]
  0x00000193fd6b6000 JavaThread "DestroyJavaVM" [_thread_blocked, id=13024, stack(0x0000007342900000,0x0000007342a00000)]
=>0x00000193a16db000 JavaThread "Image Fetcher 0" daemon [_thread_in_vm, id=9804, stack(0x0000007344a00000,0x0000007344b00000)]
  0x00000193a37a6000 JavaThread "TimerQueue" daemon [_thread_blocked, id=5200, stack(0x0000007344400000,0x0000007344500000)]

Other Threads:
  0x00000193fff42000 VMThread "VM Thread" [stack: 0x0000007342f00000,0x0000007343000000] [id=12724]
  0x000001939fd59000 WatcherThread [stack: 0x0000007343800000,0x0000007343900000] [id=10956]
  0x00000193fd6cb000 GCTaskThread "GC Thread#0" [stack: 0x0000007342a00000,0x0000007342b00000] [id=2984]
  0x00000193a14a8000 GCTaskThread "GC Thread#1" [stack: 0x0000007343a00000,0x0000007343b00000] [id=8160]
  0x00000193a026d800 GCTaskThread "GC Thread#2" [stack: 0x0000007343e00000,0x0000007343f00000] [id=5956]
  0x00000193a0184800 GCTaskThread "GC Thread#3" [stack: 0x0000007344000000,0x0000007344100000] [id=12488]
  0x00000193a19f5800 GCTaskThread "GC Thread#4" [stack: 0x0000007344b00000,0x0000007344c00000] [id=4896]
  0x00000193a18cc000 GCTaskThread "GC Thread#5" [stack: 0x0000007344c00000,0x0000007344d00000] [id=9332]
  0x00000193fd712800 ConcurrentGCThread "G1 Main Marker" [stack: 0x0000007342b00000,0x0000007342c00000] [id=6124]
  0x00000193fd715000 ConcurrentGCThread "G1 Conc#0" [stack: 0x0000007342c00000,0x0000007342d00000] [id=8608]
  0x00000193a00f2800 ConcurrentGCThread "G1 Conc#1" [stack: 0x0000007344100000,0x0000007344200000] [id=7452]
  0x00000193ffda4800 ConcurrentGCThread "G1 Refine#0" [stack: 0x0000007342d00000,0x0000007342e00000] [id=1860]
  0x00000193ffda5800 ConcurrentGCThread "G1 Young RemSet Sampling" [stack: 0x0000007342e00000,0x0000007342f00000] [id=13044]

Threads with active compile tasks:

VM state:not at safepoint (normal execution)

VM Mutex/Monitor currently owned by a thread:  ([mutex/lock_event])
[0x00000193fd6b0c20] Heap_lock - owner thread: 0x00000193a16db000

Heap address: 0x0000000741600000, size: 3050 MB, Compressed Oops mode: Zero based, Oop shift amount: 3
Narrow klass base: 0x0000000800000000, Narrow klass shift: 0
Compressed class space size: 1073741824 Address: 0x0000000800000000

Heap:
 garbage-first heap   total 319488K, used 157413K [0x0000000741600000, 0x0000000800000000)
  region size 1024K, 2 young (2048K), 2 survivors (2048K)
 Metaspace       used 33388K, capacity 34079K, committed 34304K, reserved 1079296K
  class space    used 3741K, capacity 4055K, committed 4096K, reserved 1048576K
Heap Regions: E=young(eden), S=young(survivor), O=old, HS=humongous(starts), HC=humongous(continues), CS=collection set, F=free, A=archive, TAMS=top-at-mark-start (previous, next)
|   0|0x0000000741600000, 0x0000000741700000, 0x0000000741700000|100%| O|  |TAMS 0x0000000741700000, 0x0000000741700000| Untracked 
|   1|0x0000000741700000, 0x0000000741800000, 0x0000000741800000|100%|HS|  |TAMS 0x0000000741800000, 0x0000000741800000| Complete 
|   2|0x0000000741800000, 0x0000000741900000, 0x0000000741900000|100%|HC|  |TAMS 0x0000000741900000, 0x0000000741900000| Complete 
|   3|0x0000000741900000, 0x0000000741a00000, 0x0000000741a00000|100%|HS|  |TAMS 0x0000000741a00000, 0x0000000741a00000| Complete 
|   4|0x0000000741a00000, 0x0000000741b00000, 0x0000000741b00000|100%|HC|  |TAMS 0x0000000741b00000, 0x0000000741b00000| Complete 
|   5|0x0000000741b00000, 0x0000000741c00000, 0x0000000741c00000|100%|HC|  |TAMS 0x0000000741c00000, 0x0000000741c00000| Complete 
|   6|0x0000000741c00000, 0x0000000741d00000, 0x0000000741d00000|100%|HC|  |TAMS 0x0000000741d00000, 0x0000000741d00000| Complete 
|   7|0x0000000741d00000, 0x0000000741e00000, 0x0000000741e00000|100%|HC|  |TAMS 0x0000000741e00000, 0x0000000741e00000| Complete 
|   8|0x0000000741e00000, 0x0000000741f00000, 0x0000000741f00000|100%|HC|  |TAMS 0x0000000741f00000, 0x0000000741f00000| Complete 
|   9|0x0000000741f00000, 0x0000000742000000, 0x0000000742000000|100%|HC|  |TAMS 0x0000000742000000, 0x0000000742000000| Complete 
|  10|0x0000000742000000, 0x0000000742100000, 0x0000000742100000|100%|HC|  |TAMS 0x0000000742100000, 0x0000000742100000| Complete 
|  11|0x0000000742100000, 0x0000000742200000, 0x0000000742200000|100%|HC|  |TAMS 0x0000000742200000, 0x0000000742200000| Complete 
|  12|0x0000000742200000, 0x0000000742300000, 0x0000000742300000|100%|HC|  |TAMS 0x0000000742300000, 0x0000000742300000| Complete 
|  13|0x0000000742300000, 0x0000000742400000, 0x0000000742400000|100%|HC|  |TAMS 0x0000000742400000, 0x0000000742400000| Complete 
|  14|0x0000000742400000, 0x0000000742500000, 0x0000000742500000|100%|HC|  |TAMS 0x0000000742500000, 0x0000000742500000| Complete 
|  15|0x0000000742500000, 0x0000000742600000, 0x0000000742600000|100%|HC|  |TAMS 0x0000000742600000, 0x0000000742600000| Complete 
|  16|0x0000000742600000, 0x0000000742700000, 0x0000000742700000|100%|HC|  |TAMS 0x0000000742700000, 0x0000000742700000| Complete 
|  17|0x0000000742700000, 0x0000000742800000, 0x0000000742800000|100%|HC|  |TAMS 0x0000000742800000, 0x0000000742800000| Complete 
|  18|0x0000000742800000, 0x0000000742900000, 0x0000000742900000|100%|HC|  |TAMS 0x0000000742900000, 0x0000000742900000| Complete 
|  19|0x0000000742900000, 0x0000000742a00000, 0x0000000742a00000|100%|HC|  |TAMS 0x0000000742a00000, 0x0000000742a00000| Complete 
|  20|0x0000000742a00000, 0x0000000742b00000, 0x0000000742b00000|100%|HC|  |TAMS 0x0000000742b00000, 0x0000000742b00000| Complete 
|  21|0x0000000742b00000, 0x0000000742c00000, 0x0000000742c00000|100%|HC|  |TAMS 0x0000000742c00000, 0x0000000742c00000| Complete 
|  22|0x0000000742c00000, 0x0000000742d00000, 0x0000000742d00000|100%|HC|  |TAMS 0x0000000742d00000, 0x0000000742d00000| Complete 
|  23|0x0000000742d00000, 0x0000000742e00000, 0x0000000742e00000|100%|HC|  |TAMS 0x0000000742e00000, 0x0000000742e00000| Complete 
|  24|0x0000000742e00000, 0x0000000742f00000, 0x0000000742f00000|100%|HC|  |TAMS 0x0000000742f00000, 0x0000000742f00000| Complete 
|  25|0x0000000742f00000, 0x0000000743000000, 0x0000000743000000|100%|HC|  |TAMS 0x0000000743000000, 0x0000000743000000| Complete 
|  26|0x0000000743000000, 0x0000000743100000, 0x0000000743100000|100%|HC|  |TAMS 0x0000000743100000, 0x0000000743100000| Complete 
|  27|0x0000000743100000, 0x0000000743200000, 0x0000000743200000|100%|HC|  |TAMS 0x0000000743200000, 0x0000000743200000| Complete 
|  28|0x0000000743200000, 0x0000000743300000, 0x0000000743300000|100%|HC|  |TAMS 0x0000000743300000, 0x0000000743300000| Complete 
|  29|0x0000000743300000, 0x0000000743400000, 0x0000000743400000|100%|HC|  |TAMS 0x0000000743400000, 0x0000000743400000| Complete 
|  30|0x0000000743400000, 0x0000000743500000, 0x0000000743500000|100%|HC|  |TAMS 0x0000000743500000, 0x0000000743500000| Complete 
|  31|0x0000000743500000, 0x0000000743600000, 0x0000000743600000|100%|HC|  |TAMS 0x0000000743600000, 0x0000000743600000| Complete 
|  32|0x0000000743600000, 0x0000000743700000, 0x0000000743700000|100%|HC|  |TAMS 0x0000000743700000, 0x0000000743700000| Complete 
|  33|0x0000000743700000, 0x0000000743800000, 0x0000000743800000|100%|HC|  |TAMS 0x0000000743800000, 0x0000000743800000| Complete 
|  34|0x0000000743800000, 0x0000000743900000, 0x0000000743900000|100%|HC|  |TAMS 0x0000000743900000, 0x0000000743900000| Complete 
|  35|0x0000000743900000, 0x0000000743a00000, 0x0000000743a00000|100%|HC|  |TAMS 0x0000000743a00000, 0x0000000743a00000| Complete 
|  36|0x0000000743a00000, 0x0000000743b00000, 0x0000000743b00000|100%|HC|  |TAMS 0x0000000743b00000, 0x0000000743b00000| Complete 
|  37|0x0000000743b00000, 0x0000000743c00000, 0x0000000743c00000|100%|HC|  |TAMS 0x0000000743c00000, 0x0000000743c00000| Complete 
|  38|0x0000000743c00000, 0x0000000743d00000, 0x0000000743d00000|100%|HC|  |TAMS 0x0000000743d00000, 0x0000000743d00000| Complete 
|  39|0x0000000743d00000, 0x0000000743e00000, 0x0000000743e00000|100%|HC|  |TAMS 0x0000000743e00000, 0x0000000743e00000| Complete 
|  40|0x0000000743e00000, 0x0000000743f00000, 0x0000000743f00000|100%|HC|  |TAMS 0x0000000743f00000, 0x0000000743f00000| Complete 
|  41|0x0000000743f00000, 0x0000000744000000, 0x0000000744000000|100%|HC|  |TAMS 0x0000000744000000, 0x0000000744000000| Complete 
|  42|0x0000000744000000, 0x0000000744100000, 0x0000000744100000|100%|HC|  |TAMS 0x0000000744100000, 0x0000000744100000| Complete 
|  43|0x0000000744100000, 0x0000000744200000, 0x0000000744200000|100%|HC|  |TAMS 0x0000000744200000, 0x0000000744200000| Complete 
|  44|0x0000000744200000, 0x0000000744300000, 0x0000000744300000|100%|HC|  |TAMS 0x0000000744300000, 0x0000000744300000| Complete 
|  45|0x0000000744300000, 0x0000000744400000, 0x0000000744400000|100%|HC|  |TAMS 0x0000000744400000, 0x0000000744400000| Complete 
|  46|0x0000000744400000, 0x0000000744500000, 0x0000000744500000|100%|HC|  |TAMS 0x0000000744500000, 0x0000000744500000| Complete 
|  47|0x0000000744500000, 0x0000000744600000, 0x0000000744600000|100%|HC|  |TAMS 0x0000000744600000, 0x0000000744600000| Complete 
|  48|0x0000000744600000, 0x0000000744700000, 0x0000000744700000|100%|HC|  |TAMS 0x0000000744700000, 0x0000000744700000| Complete 
|  49|0x0000000744700000, 0x0000000744800000, 0x0000000744800000|100%|HC|  |TAMS 0x0000000744800000, 0x0000000744800000| Complete 
|  50|0x0000000744800000, 0x0000000744900000, 0x0000000744900000|100%|HC|  |TAMS 0x0000000744900000, 0x0000000744900000| Complete 
|  51|0x0000000744900000, 0x0000000744a00000, 0x0000000744a00000|100%|HC|  |TAMS 0x0000000744a00000, 0x0000000744a00000| Complete 
|  52|0x0000000744a00000, 0x0000000744b00000, 0x0000000744b00000|100%|HC|  |TAMS 0x0000000744b00000, 0x0000000744b00000| Complete 
|  53|0x0000000744b00000, 0x0000000744c00000, 0x0000000744c00000|100%|HC|  |TAMS 0x0000000744c00000, 0x0000000744c00000| Complete 
|  54|0x0000000744c00000, 0x0000000744d00000, 0x0000000744d00000|100%|HC|  |TAMS 0x0000000744d00000, 0x0000000744d00000| Complete 
|  55|0x0000000744d00000, 0x0000000744e00000, 0x0000000744e00000|100%|HC|  |TAMS 0x0000000744e00000, 0x0000000744e00000| Complete 
|  56|0x0000000744e00000, 0x0000000744f00000, 0x0000000744f00000|100%|HC|  |TAMS 0x0000000744f00000, 0x0000000744f00000| Complete 
|  57|0x0000000744f00000, 0x0000000745000000, 0x0000000745000000|100%|HC|  |TAMS 0x0000000745000000, 0x0000000745000000| Complete 
|  58|0x0000000745000000, 0x0000000745100000, 0x0000000745100000|100%|HC|  |TAMS 0x0000000745100000, 0x0000000745100000| Complete 
|  59|0x0000000745100000, 0x0000000745200000, 0x0000000745200000|100%|HC|  |TAMS 0x0000000745200000, 0x0000000745200000| Complete 
|  60|0x0000000745200000, 0x0000000745300000, 0x0000000745300000|100%|HC|  |TAMS 0x0000000745300000, 0x0000000745300000| Complete 
|  61|0x0000000745300000, 0x0000000745400000, 0x0000000745400000|100%|HC|  |TAMS 0x0000000745400000, 0x0000000745400000| Complete 
|  62|0x0000000745400000, 0x0000000745500000, 0x0000000745500000|100%|HC|  |TAMS 0x0000000745500000, 0x0000000745500000| Complete 
|  63|0x0000000745500000, 0x0000000745600000, 0x0000000745600000|100%|HC|  |TAMS 0x0000000745600000, 0x0000000745600000| Complete 
|  64|0x0000000745600000, 0x0000000745700000, 0x0000000745700000|100%|HC|  |TAMS 0x0000000745700000, 0x0000000745700000| Complete 
|  65|0x0000000745700000, 0x0000000745800000, 0x0000000745800000|100%|HC|  |TAMS 0x0000000745800000, 0x0000000745800000| Complete 
|  66|0x0000000745800000, 0x0000000745900000, 0x0000000745900000|100%|HC|  |TAMS 0x0000000745900000, 0x0000000745900000| Complete 
|  67|0x0000000745900000, 0x0000000745a00000, 0x0000000745a00000|100%|HC|  |TAMS 0x0000000745a00000, 0x0000000745a00000| Complete 
|  68|0x0000000745a00000, 0x0000000745b00000, 0x0000000745b00000|100%|HC|  |TAMS 0x0000000745b00000, 0x0000000745b00000| Complete 
|  69|0x0000000745b00000, 0x0000000745c00000, 0x0000000745c00000|100%|HC|  |TAMS 0x0000000745c00000, 0x0000000745c00000| Complete 
|  70|0x0000000745c00000, 0x0000000745d00000, 0x0000000745d00000|100%|HC|  |TAMS 0x0000000745d00000, 0x0000000745d00000| Complete 
|  71|0x0000000745d00000, 0x0000000745e00000, 0x0000000745e00000|100%|HC|  |TAMS 0x0000000745e00000, 0x0000000745e00000| Complete 
|  72|0x0000000745e00000, 0x0000000745f00000, 0x0000000745f00000|100%|HC|  |TAMS 0x0000000745f00000, 0x0000000745f00000| Complete 
|  73|0x0000000745f00000, 0x0000000746000000, 0x0000000746000000|100%|HC|  |TAMS 0x0000000746000000, 0x0000000746000000| Complete 
|  74|0x0000000746000000, 0x0000000746100000, 0x0000000746100000|100%|HC|  |TAMS 0x0000000746100000, 0x0000000746100000| Complete 
|  75|0x0000000746100000, 0x0000000746200000, 0x0000000746200000|100%|HC|  |TAMS 0x0000000746200000, 0x0000000746200000| Complete 
|  76|0x0000000746200000, 0x0000000746300000, 0x0000000746300000|100%|HC|  |TAMS 0x0000000746300000, 0x0000000746300000| Complete 
|  77|0x0000000746300000, 0x0000000746400000, 0x0000000746400000|100%|HC|  |TAMS 0x0000000746400000, 0x0000000746400000| Complete 
|  78|0x0000000746400000, 0x0000000746500000, 0x0000000746500000|100%|HC|  |TAMS 0x0000000746500000, 0x0000000746500000| Complete 
|  79|0x0000000746500000, 0x0000000746600000, 0x0000000746600000|100%|HC|  |TAMS 0x0000000746600000, 0x0000000746600000| Complete 
|  80|0x0000000746600000, 0x0000000746700000, 0x0000000746700000|100%|HC|  |TAMS 0x0000000746700000, 0x0000000746700000| Complete 
|  81|0x0000000746700000, 0x0000000746800000, 0x0000000746800000|100%|HC|  |TAMS 0x0000000746800000, 0x0000000746800000| Complete 
|  82|0x0000000746800000, 0x0000000746900000, 0x0000000746900000|100%|HC|  |TAMS 0x0000000746900000, 0x0000000746900000| Complete 
|  83|0x0000000746900000, 0x0000000746a00000, 0x0000000746a00000|100%|HC|  |TAMS 0x0000000746a00000, 0x0000000746a00000| Complete 
|  84|0x0000000746a00000, 0x0000000746b00000, 0x0000000746b00000|100%|HC|  |TAMS 0x0000000746b00000, 0x0000000746b00000| Complete 
|  85|0x0000000746b00000, 0x0000000746c00000, 0x0000000746c00000|100%|HC|  |TAMS 0x0000000746c00000, 0x0000000746c00000| Complete 
|  86|0x0000000746c00000, 0x0000000746d00000, 0x0000000746d00000|100%|HC|  |TAMS 0x0000000746d00000, 0x0000000746d00000| Complete 
|  87|0x0000000746d00000, 0x0000000746e00000, 0x0000000746e00000|100%|HC|  |TAMS 0x0000000746e00000, 0x0000000746e00000| Complete 
|  88|0x0000000746e00000, 0x0000000746f00000, 0x0000000746f00000|100%|HC|  |TAMS 0x0000000746f00000, 0x0000000746f00000| Complete 
|  89|0x0000000746f00000, 0x0000000747000000, 0x0000000747000000|100%|HC|  |TAMS 0x0000000747000000, 0x0000000747000000| Complete 
|  90|0x0000000747000000, 0x0000000747100000, 0x0000000747100000|100%|HC|  |TAMS 0x0000000747100000, 0x0000000747100000| Complete 
|  91|0x0000000747100000, 0x0000000747200000, 0x0000000747200000|100%|HC|  |TAMS 0x0000000747200000, 0x0000000747200000| Complete 
|  92|0x0000000747200000, 0x0000000747300000, 0x0000000747300000|100%|HC|  |TAMS 0x0000000747300000, 0x0000000747300000| Complete 
|  93|0x0000000747300000, 0x0000000747400000, 0x0000000747400000|100%|HC|  |TAMS 0x0000000747400000, 0x0000000747400000| Complete 
|  94|0x0000000747400000, 0x0000000747500000, 0x0000000747500000|100%|HC|  |TAMS 0x0000000747500000, 0x0000000747500000| Complete 
|  95|0x0000000747500000, 0x0000000747600000, 0x0000000747600000|100%|HC|  |TAMS 0x0000000747600000, 0x0000000747600000| Complete 
|  96|0x0000000747600000, 0x0000000747700000, 0x0000000747700000|100%|HC|  |TAMS 0x0000000747700000, 0x0000000747700000| Complete 
|  97|0x0000000747700000, 0x0000000747800000, 0x0000000747800000|100%|HC|  |TAMS 0x0000000747800000, 0x0000000747800000| Complete 
|  98|0x0000000747800000, 0x0000000747900000, 0x0000000747900000|100%|HC|  |TAMS 0x0000000747900000, 0x0000000747900000| Complete 
|  99|0x0000000747900000, 0x0000000747a00000, 0x0000000747a00000|100%|HC|  |TAMS 0x0000000747a00000, 0x0000000747a00000| Complete 
| 100|0x0000000747a00000, 0x0000000747b00000, 0x0000000747b00000|100%| O|  |TAMS 0x0000000747b00000, 0x0000000747b00000| Untracked 
| 101|0x0000000747b00000, 0x0000000747c00000, 0x0000000747c00000|100%| O|  |TAMS 0x0000000747c00000, 0x0000000747c00000| Untracked 
| 102|0x0000000747c00000, 0x0000000747d00000, 0x0000000747d00000|100%| O|  |TAMS 0x0000000747ccc400, 0x0000000747d00000| Untracked 
| 103|0x0000000747d00000, 0x0000000747e00000, 0x0000000747e00000|100%|HS|  |TAMS 0x0000000747d00000, 0x0000000747e00000| Complete 
| 104|0x0000000747e00000, 0x0000000747f00000, 0x0000000747f00000|100%|HC|  |TAMS 0x0000000747e00000, 0x0000000747f00000| Complete 
| 105|0x0000000747f00000, 0x0000000748000000, 0x0000000748000000|100%|HC|  |TAMS 0x0000000747f00000, 0x0000000748000000| Complete 
| 106|0x0000000748000000, 0x0000000748100000, 0x0000000748100000|100%|HC|  |TAMS 0x0000000748000000, 0x0000000748100000| Complete 
| 107|0x0000000748100000, 0x0000000748200000, 0x0000000748200000|100%|HC|  |TAMS 0x0000000748100000, 0x0000000748200000| Complete 
| 108|0x0000000748200000, 0x0000000748300000, 0x0000000748300000|100%|HC|  |TAMS 0x0000000748200000, 0x0000000748300000| Complete 
| 109|0x0000000748300000, 0x0000000748400000, 0x0000000748400000|100%|HC|  |TAMS 0x0000000748300000, 0x0000000748400000| Complete 
| 110|0x0000000748400000, 0x0000000748500000, 0x0000000748500000|100%|HC|  |TAMS 0x0000000748400000, 0x0000000748500000| Complete 
| 111|0x0000000748500000, 0x0000000748600000, 0x0000000748600000|100%|HC|  |TAMS 0x0000000748500000, 0x0000000748600000| Complete 
| 112|0x0000000748600000, 0x0000000748700000, 0x0000000748700000|100%|HC|  |TAMS 0x0000000748600000, 0x0000000748700000| Complete 
| 113|0x0000000748700000, 0x0000000748800000, 0x0000000748800000|100%|HC|  |TAMS 0x0000000748700000, 0x0000000748800000| Complete 
| 114|0x0000000748800000, 0x0000000748900000, 0x0000000748900000|100%|HC|  |TAMS 0x0000000748800000, 0x0000000748900000| Complete 
| 115|0x0000000748900000, 0x0000000748a00000, 0x0000000748a00000|100%|HC|  |TAMS 0x0000000748900000, 0x0000000748a00000| Complete 
| 116|0x0000000748a00000, 0x0000000748b00000, 0x0000000748b00000|100%|HC|  |TAMS 0x0000000748a00000, 0x0000000748b00000| Complete 
| 117|0x0000000748b00000, 0x0000000748c00000, 0x0000000748c00000|100%|HC|  |TAMS 0x0000000748b00000, 0x0000000748c00000| Complete 
| 118|0x0000000748c00000, 0x0000000748d00000, 0x0000000748d00000|100%|HC|  |TAMS 0x0000000748c00000, 0x0000000748d00000| Complete 
| 119|0x0000000748d00000, 0x0000000748e00000, 0x0000000748e00000|100%|HC|  |TAMS 0x0000000748d00000, 0x0000000748e00000| Complete 
| 120|0x0000000748e00000, 0x0000000748f00000, 0x0000000748f00000|100%|HC|  |TAMS 0x0000000748e00000, 0x0000000748f00000| Complete 
| 121|0x0000000748f00000, 0x0000000749000000, 0x0000000749000000|100%|HC|  |TAMS 0x0000000748f00000, 0x0000000749000000| Complete 
| 122|0x0000000749000000, 0x0000000749100000, 0x0000000749100000|100%|HC|  |TAMS 0x0000000749000000, 0x0000000749100000| Complete 
| 123|0x0000000749100000, 0x0000000749200000, 0x0000000749200000|100%|HC|  |TAMS 0x0000000749100000, 0x0000000749200000| Complete 
| 124|0x0000000749200000, 0x0000000749300000, 0x0000000749300000|100%|HC|  |TAMS 0x0000000749200000, 0x0000000749300000| Complete 
| 125|0x0000000749300000, 0x0000000749400000, 0x0000000749400000|100%|HC|  |TAMS 0x0000000749300000, 0x0000000749400000| Complete 
| 126|0x0000000749400000, 0x0000000749500000, 0x0000000749500000|100%|HC|  |TAMS 0x0000000749400000, 0x0000000749500000| Complete 
| 127|0x0000000749500000, 0x0000000749600000, 0x0000000749600000|100%|HC|  |TAMS 0x0000000749500000, 0x0000000749600000| Complete 
| 128|0x0000000749600000, 0x0000000749700000, 0x0000000749700000|100%|HC|  |TAMS 0x0000000749600000, 0x0000000749700000| Complete 
| 129|0x0000000749700000, 0x0000000749800000, 0x0000000749800000|100%|HC|  |TAMS 0x0000000749700000, 0x0000000749800000| Complete 
| 130|0x0000000749800000, 0x0000000749900000, 0x0000000749900000|100%|HC|  |TAMS 0x0000000749800000, 0x0000000749900000| Complete 
| 131|0x0000000749900000, 0x0000000749a00000, 0x0000000749a00000|100%|HC|  |TAMS 0x0000000749900000, 0x0000000749a00000| Complete 
| 132|0x0000000749a00000, 0x0000000749b00000, 0x0000000749b00000|100%|HC|  |TAMS 0x0000000749a00000, 0x0000000749b00000| Complete 
| 133|0x0000000749b00000, 0x0000000749c00000, 0x0000000749c00000|100%|HC|  |TAMS 0x0000000749b00000, 0x0000000749c00000| Complete 
| 134|0x0000000749c00000, 0x0000000749d00000, 0x0000000749d00000|100%|HC|  |TAMS 0x0000000749c00000, 0x0000000749d00000| Complete 
| 135|0x0000000749d00000, 0x0000000749e00000, 0x0000000749e00000|100%|HC|  |TAMS 0x0000000749d00000, 0x0000000749e00000| Complete 
| 136|0x0000000749e00000, 0x0000000749f00000, 0x0000000749f00000|100%|HC|  |TAMS 0x0000000749e00000, 0x0000000749f00000| Complete 
| 137|0x0000000749f00000, 0x000000074a000000, 0x000000074a000000|100%|HC|  |TAMS 0x0000000749f00000, 0x000000074a000000| Complete 
| 138|0x000000074a000000, 0x000000074a100000, 0x000000074a100000|100%|HC|  |TAMS 0x000000074a000000, 0x000000074a100000| Complete 
| 139|0x000000074a100000, 0x000000074a200000, 0x000000074a200000|100%|HC|  |TAMS 0x000000074a100000, 0x000000074a200000| Complete 
| 140|0x000000074a200000, 0x000000074a300000, 0x000000074a300000|100%|HC|  |TAMS 0x000000074a200000, 0x000000074a300000| Complete 
| 141|0x000000074a300000, 0x000000074a400000, 0x000000074a400000|100%|HC|  |TAMS 0x000000074a300000, 0x000000074a400000| Complete 
| 142|0x000000074a400000, 0x000000074a500000, 0x000000074a500000|100%|HC|  |TAMS 0x000000074a400000, 0x000000074a500000| Complete 
| 143|0x000000074a500000, 0x000000074a600000, 0x000000074a600000|100%|HC|  |TAMS 0x000000074a500000, 0x000000074a600000| Complete 
| 144|0x000000074a600000, 0x000000074a700000, 0x000000074a700000|100%|HC|  |TAMS 0x000000074a600000, 0x000000074a700000| Complete 
| 145|0x000000074a700000, 0x000000074a800000, 0x000000074a800000|100%|HC|  |TAMS 0x000000074a700000, 0x000000074a800000| Complete 
| 146|0x000000074a800000, 0x000000074a900000, 0x000000074a900000|100%|HC|  |TAMS 0x000000074a800000, 0x000000074a900000| Complete 
| 147|0x000000074a900000, 0x000000074aa00000, 0x000000074aa00000|100%|HC|  |TAMS 0x000000074a900000, 0x000000074aa00000| Complete 
| 148|0x000000074aa00000, 0x000000074ab00000, 0x000000074ab00000|100%|HC|  |TAMS 0x000000074aa00000, 0x000000074ab00000| Complete 
| 149|0x000000074ab00000, 0x000000074ac00000, 0x000000074ac00000|100%|HC|  |TAMS 0x000000074ab00000, 0x000000074ac00000| Complete 
| 150|0x000000074ac00000, 0x000000074ac00000, 0x000000074ad00000|  0%| F|  |TAMS 0x000000074ac00000, 0x000000074ac00000| Untracked 
| 151|0x000000074ad00000, 0x000000074ad00000, 0x000000074ae00000|  0%| F|  |TAMS 0x000000074ad00000, 0x000000074ad00000| Untracked 
| 152|0x000000074ae00000, 0x000000074ae00000, 0x000000074af00000|  0%| F|  |TAMS 0x000000074ae00000, 0x000000074ae00000| Untracked 
| 153|0x000000074af00000, 0x000000074af00000, 0x000000074b000000|  0%| F|  |TAMS 0x000000074af00000, 0x000000074af00000| Untracked 
| 154|0x000000074b000000, 0x000000074b000000, 0x000000074b100000|  0%| F|  |TAMS 0x000000074b000000, 0x000000074b000000| Untracked 
| 155|0x000000074b100000, 0x000000074b100000, 0x000000074b200000|  0%| F|  |TAMS 0x000000074b100000, 0x000000074b100000| Untracked 
| 156|0x000000074b200000, 0x000000074b200000, 0x000000074b300000|  0%| F|  |TAMS 0x000000074b200000, 0x000000074b200000| Untracked 
| 157|0x000000074b300000, 0x000000074b300000, 0x000000074b400000|  0%| F|  |TAMS 0x000000074b300000, 0x000000074b300000| Untracked 
| 158|0x000000074b400000, 0x000000074b400000, 0x000000074b500000|  0%| F|  |TAMS 0x000000074b400000, 0x000000074b400000| Untracked 
| 159|0x000000074b500000, 0x000000074b500000, 0x000000074b600000|  0%| F|  |TAMS 0x000000074b500000, 0x000000074b500000| Untracked 
| 160|0x000000074b600000, 0x000000074b600000, 0x000000074b700000|  0%| F|  |TAMS 0x000000074b600000, 0x000000074b600000| Untracked 
| 161|0x000000074b700000, 0x000000074b700000, 0x000000074b800000|  0%| F|  |TAMS 0x000000074b700000, 0x000000074b700000| Untracked 
| 162|0x000000074b800000, 0x000000074b800000, 0x000000074b900000|  0%| F|  |TAMS 0x000000074b800000, 0x000000074b800000| Untracked 
| 163|0x000000074b900000, 0x000000074b900000, 0x000000074ba00000|  0%| F|  |TAMS 0x000000074b900000, 0x000000074b900000| Untracked 
| 164|0x000000074ba00000, 0x000000074ba00000, 0x000000074bb00000|  0%| F|  |TAMS 0x000000074ba00000, 0x000000074ba00000| Untracked 
| 165|0x000000074bb00000, 0x000000074bb00000, 0x000000074bc00000|  0%| F|  |TAMS 0x000000074bb00000, 0x000000074bb00000| Untracked 
| 166|0x000000074bc00000, 0x000000074bc00000, 0x000000074bd00000|  0%| F|  |TAMS 0x000000074bc00000, 0x000000074bc00000| Untracked 
| 167|0x000000074bd00000, 0x000000074bd00000, 0x000000074be00000|  0%| F|  |TAMS 0x000000074bd00000, 0x000000074bd00000| Untracked 
| 168|0x000000074be00000, 0x000000074be00000, 0x000000074bf00000|  0%| F|  |TAMS 0x000000074be00000, 0x000000074be00000| Untracked 
| 169|0x000000074bf00000, 0x000000074bf00000, 0x000000074c000000|  0%| F|  |TAMS 0x000000074bf00000, 0x000000074bf00000| Untracked 
| 170|0x000000074c000000, 0x000000074c000000, 0x000000074c100000|  0%| F|  |TAMS 0x000000074c000000, 0x000000074c000000| Untracked 
| 171|0x000000074c100000, 0x000000074c100000, 0x000000074c200000|  0%| F|  |TAMS 0x000000074c100000, 0x000000074c100000| Untracked 
| 172|0x000000074c200000, 0x000000074c200000, 0x000000074c300000|  0%| F|  |TAMS 0x000000074c200000, 0x000000074c200000| Untracked 
| 173|0x000000074c300000, 0x000000074c300000, 0x000000074c400000|  0%| F|  |TAMS 0x000000074c300000, 0x000000074c300000| Untracked 
| 174|0x000000074c400000, 0x000000074c400000, 0x000000074c500000|  0%| F|  |TAMS 0x000000074c400000, 0x000000074c400000| Untracked 
| 175|0x000000074c500000, 0x000000074c500000, 0x000000074c600000|  0%| F|  |TAMS 0x000000074c500000, 0x000000074c500000| Untracked 
| 176|0x000000074c600000, 0x000000074c600000, 0x000000074c700000|  0%| F|  |TAMS 0x000000074c600000, 0x000000074c600000| Untracked 
| 177|0x000000074c700000, 0x000000074c700000, 0x000000074c800000|  0%| F|  |TAMS 0x000000074c700000, 0x000000074c700000| Untracked 
| 178|0x000000074c800000, 0x000000074c800000, 0x000000074c900000|  0%| F|  |TAMS 0x000000074c800000, 0x000000074c800000| Untracked 
| 179|0x000000074c900000, 0x000000074c96f1c8, 0x000000074ca00000| 43%| S|CS|TAMS 0x000000074c900000, 0x000000074c900000| Complete 
| 180|0x000000074ca00000, 0x000000074cb00000, 0x000000074cb00000|100%| S|CS|TAMS 0x000000074ca00000, 0x000000074ca00000| Complete 
| 181|0x000000074cb00000, 0x000000074cb00000, 0x000000074cc00000|  0%| F|  |TAMS 0x000000074cb00000, 0x000000074cb00000| Untracked 
| 182|0x000000074cc00000, 0x000000074cc00000, 0x000000074cd00000|  0%| F|  |TAMS 0x000000074cc00000, 0x000000074cc00000| Untracked 
| 183|0x000000074cd00000, 0x000000074cd00000, 0x000000074ce00000|  0%| F|  |TAMS 0x000000074cd00000, 0x000000074cd00000| Untracked 
| 184|0x000000074ce00000, 0x000000074ce00000, 0x000000074cf00000|  0%| F|  |TAMS 0x000000074ce00000, 0x000000074ce00000| Untracked 
| 185|0x000000074cf00000, 0x000000074cf00000, 0x000000074d000000|  0%| F|  |TAMS 0x000000074cf00000, 0x000000074cf00000| Untracked 
| 186|0x000000074d000000, 0x000000074d000000, 0x000000074d100000|  0%| F|  |TAMS 0x000000074d000000, 0x000000074d000000| Untracked 
| 187|0x000000074d100000, 0x000000074d100000, 0x000000074d200000|  0%| F|  |TAMS 0x000000074d100000, 0x000000074d100000| Untracked 
| 188|0x000000074d200000, 0x000000074d200000, 0x000000074d300000|  0%| F|  |TAMS 0x000000074d200000, 0x000000074d200000| Untracked 
| 189|0x000000074d300000, 0x000000074d300000, 0x000000074d400000|  0%| F|  |TAMS 0x000000074d300000, 0x000000074d300000| Untracked 
| 190|0x000000074d400000, 0x000000074d400000, 0x000000074d500000|  0%| F|  |TAMS 0x000000074d400000, 0x000000074d400000| Untracked 
| 191|0x000000074d500000, 0x000000074d500000, 0x000000074d600000|  0%| F|  |TAMS 0x000000074d500000, 0x000000074d500000| Untracked 
| 192|0x000000074d600000, 0x000000074d600000, 0x000000074d700000|  0%| F|  |TAMS 0x000000074d600000, 0x000000074d600000| Untracked 
| 193|0x000000074d700000, 0x000000074d800000, 0x000000074d800000|100%| O|  |TAMS 0x000000074d700000, 0x000000074d800000| Untracked 
| 194|0x000000074d800000, 0x000000074d900000, 0x000000074d900000|100%| O|  |TAMS 0x000000074d800000, 0x000000074d900000| Untracked 
| 195|0x000000074d900000, 0x000000074d900000, 0x000000074da00000|  0%| F|  |TAMS 0x000000074d900000, 0x000000074d900000| Untracked 
| 196|0x000000074da00000, 0x000000074da4a600, 0x000000074db00000| 29%| O|  |TAMS 0x000000074da00000, 0x000000074da4a600| Untracked 

Card table byte_map: [0x00000193fe800000,0x00000193fee00000] _byte_map_base: 0x00000193fadf5000

Marking Bits (Prev, Next): (CMBitMap*) 0x00000193fd706028, (CMBitMap*) 0x00000193fd706060
 Prev Bits: [0x00000193973e0000, 0x000001939a388000)
 Next Bits: [0x000001939a390000, 0x000001939d338000)

Polling page: 0x00000193fbe10000

Metaspace:

Usage:
  Non-class:     29.32 MB capacity,    28.95 MB ( 99%) used,   295.25 KB ( <1%) free+waste,    81.75 KB ( <1%) overhead. 
      Class:      3.96 MB capacity,     3.65 MB ( 92%) used,   272.45 KB (  7%) free+waste,    40.75 KB (  1%) overhead. 
       Both:     33.28 MB capacity,    32.61 MB ( 98%) used,   567.70 KB (  2%) free+waste,   122.50 KB ( <1%) overhead. 

Virtual space:
  Non-class space:       30.00 MB reserved,      29.50 MB ( 98%) committed 
      Class space:        1.00 GB reserved,       4.00 MB ( <1%) committed 
             Both:        1.03 GB reserved,      33.50 MB (  3%) committed 

Chunk freelists:
   Non-Class:  7.00 KB
       Class:  1.13 KB
        Both:  8.13 KB

CodeHeap 'non-profiled nmethods': size=120000Kb used=1034Kb max_used=1034Kb free=118965Kb
 bounds [0x000001938feb0000, 0x0000019390120000, 0x00000193973e0000]
CodeHeap 'profiled nmethods': size=120000Kb used=5303Kb max_used=5303Kb free=114696Kb
 bounds [0x0000019388980000, 0x0000019388eb0000, 0x000001938feb0000]
CodeHeap 'non-nmethods': size=5760Kb used=1353Kb max_used=1372Kb free=4407Kb
 bounds [0x00000193883e0000, 0x0000019388650000, 0x0000019388980000]
 total_blobs=3431 nmethods=2654 adapters=688
 compilation: enabled
              stopped_count=0, restarted_count=0
 full_count=0

Compilation events (10 events):
Event: 7.695 Thread 0x000001939fb7f800 2648       4       sun.awt.image.PixelConverter$Xrgb::rgbToPixel (2 bytes)
Event: 7.695 Thread 0x000001939fbce000 nmethod 2647 0x0000019388ea1b90 code [0x0000019388ea1d40, 0x0000019388ea2048]
Event: 7.696 Thread 0x000001939fbce000 2645  s    3       java.util.Vector::toArray (57 bytes)
Event: 7.696 Thread 0x000001939fb7f800 nmethod 2648 0x000001938ffb2410 code [0x000001938ffb25a0, 0x000001938ffb25f8]
Event: 7.696 Thread 0x000001939fbce000 nmethod 2645 0x0000019388ea2190 code [0x0000019388ea2380, 0x0000019388ea2ad8]
Event: 7.696 Thread 0x000001939fbce000 2649 %     3       sun.java2d.marlin.DRenderer::_endRendering @ 1927 (2480 bytes)
Event: 7.696 Thread 0x000001939fb7f800 2653       4       sun.java2d.marlin.FloatMath::max (11 bytes)
Event: 7.697 Thread 0x000001939fb7f800 nmethod 2653 0x000001938ffb2690 code [0x000001938ffb2800, 0x000001938ffb2858]
Event: 7.697 Thread 0x000001939fb7f800 2654       4       java.awt.Component::getParent (5 bytes)
Event: 7.697 Thread 0x000001939fb7f800 nmethod 2654 0x000001938ffb2910 code [0x000001938ffb2aa0, 0x000001938ffb2b18]

GC Heap History (10 events):
Event: 1.943 GC heap before
{Heap before GC invocations=4 (full 0):
 garbage-first heap   total 196608K, used 154313K [0x0000000741600000, 0x0000000800000000)
  region size 1024K, 52 young (53248K), 6 survivors (6144K)
 Metaspace       used 31401K, capacity 32107K, committed 32384K, reserved 1077248K
  class space    used 3556K, capacity 3892K, committed 3968K, reserved 1048576K
}
Event: 1.951 GC heap after
{Heap after GC invocations=5 (full 0):
 garbage-first heap   total 196608K, used 108337K [0x0000000741600000, 0x0000000800000000)
  region size 1024K, 3 young (3072K), 3 survivors (3072K)
 Metaspace       used 31401K, capacity 32107K, committed 32384K, reserved 1077248K
  class space    used 3556K, capacity 3892K, committed 3968K, reserved 1048576K
}
Event: 2.151 GC heap before
{Heap before GC invocations=5 (full 0):
 garbage-first heap   total 196608K, used 156465K [0x0000000741600000, 0x0000000800000000)
  region size 1024K, 51 young (52224K), 3 survivors (3072K)
 Metaspace       used 31401K, capacity 32107K, committed 32384K, reserved 1077248K
  class space    used 3556K, capacity 3892K, committed 3968K, reserved 1048576K
}
Event: 2.154 GC heap after
{Heap after GC invocations=6 (full 0):
 garbage-first heap   total 196608K, used 108023K [0x0000000741600000, 0x0000000800000000)
  region size 1024K, 3 young (3072K), 3 survivors (3072K)
 Metaspace       used 31401K, capacity 32107K, committed 32384K, reserved 1077248K
  class space    used 3556K, capacity 3892K, committed 3968K, reserved 1048576K
}
Event: 6.647 GC heap before
{Heap before GC invocations=7 (full 0):
 garbage-first heap   total 196608K, used 123383K [0x0000000741600000, 0x0000000800000000)
  region size 1024K, 19 young (19456K), 3 survivors (3072K)
 Metaspace       used 33300K, capacity 34015K, committed 34304K, reserved 1079296K
  class space    used 3737K, capacity 4055K, committed 4096K, reserved 1048576K
}
Event: 6.650 GC heap after
{Heap after GC invocations=8 (full 0):
 garbage-first heap   total 196608K, used 109261K [0x0000000741600000, 0x0000000800000000)
  region size 1024K, 4 young (4096K), 4 survivors (4096K)
 Metaspace       used 33300K, capacity 34015K, committed 34304K, reserved 1079296K
  class space    used 3737K, capacity 4055K, committed 4096K, reserved 1048576K
}
Event: 7.010 GC heap before
{Heap before GC invocations=9 (full 0):
 garbage-first heap   total 196608K, used 195277K [0x0000000741600000, 0x0000000800000000)
  region size 1024K, 42 young (43008K), 4 survivors (4096K)
 Metaspace       used 33303K, capacity 34015K, committed 34304K, reserved 1079296K
  class space    used 3737K, capacity 4055K, committed 4096K, reserved 1048576K
}
Event: 7.014 GC heap after
{Heap after GC invocations=10 (full 0):
 garbage-first heap   total 201728K, used 157220K [0x0000000741600000, 0x0000000800000000)
  region size 1024K, 2 young (2048K), 2 survivors (2048K)
 Metaspace       used 33303K, capacity 34015K, committed 34304K, reserved 1079296K
  class space    used 3737K, capacity 4055K, committed 4096K, reserved 1048576K
}
Event: 7.700 GC heap before
{Heap before GC invocations=10 (full 0):
 garbage-first heap   total 201728K, used 166436K [0x0000000741600000, 0x0000000800000000)
  region size 1024K, 13 young (13312K), 2 survivors (2048K)
 Metaspace       used 33385K, capacity 34079K, committed 34304K, reserved 1079296K
  class space    used 3741K, capacity 4055K, committed 4096K, reserved 1048576K
}
Event: 7.702 GC heap after
{Heap after GC invocations=11 (full 0):
 garbage-first heap   total 201728K, used 157413K [0x0000000741600000, 0x0000000800000000)
  region size 1024K, 2 young (2048K), 2 survivors (2048K)
 Metaspace       used 33385K, capacity 34079K, committed 34304K, reserved 1079296K
  class space    used 3741K, capacity 4055K, committed 4096K, reserved 1048576K
}

Deoptimization events (10 events):
Event: 2.207 Thread 0x00000193a16db000 Uncommon trap: reason=unstable_if action=reinterpret pc=0x000001938ff5ae18 method=java.io.BufferedInputStream.read1([BII)I @ 60 c2
Event: 2.214 Thread 0x00000193a16db000 Uncommon trap: reason=unstable_if action=reinterpret pc=0x000001938ff59e74 method=java.io.BufferedInputStream.read1([BII)I @ 60 c2
Event: 2.441 Thread 0x00000193a1e36800 Uncommon trap: reason=unstable_if action=reinterpret pc=0x000001938ff73dd4 method=java.lang.ref.SoftReference.get()Ljava/lang/Object; @ 6 c2
Event: 7.111 Thread 0x00000193a16db000 Uncommon trap: reason=class_check action=maybe_recompile pc=0x000001938ffa1fd8 method=sun.awt.image.ImageDecoder.setPixels(IIIILjava/awt/image/ColorModel;[III)I @ 44 c2
Event: 7.113 Thread 0x00000193a16db000 Uncommon trap: reason=class_check action=maybe_recompile pc=0x000001938ffa1fd8 method=sun.awt.image.ImageDecoder.setPixels(IIIILjava/awt/image/ColorModel;[III)I @ 44 c2
Event: 7.114 Thread 0x00000193a16db000 Uncommon trap: reason=class_check action=maybe_recompile pc=0x000001938ffa1fd8 method=sun.awt.image.ImageDecoder.setPixels(IIIILjava/awt/image/ColorModel;[III)I @ 44 c2
Event: 7.115 Thread 0x00000193a16db000 Uncommon trap: reason=class_check action=maybe_recompile pc=0x000001938ffa1fd8 method=sun.awt.image.ImageDecoder.setPixels(IIIILjava/awt/image/ColorModel;[III)I @ 44 c2
Event: 7.125 Thread 0x00000193a16db000 Uncommon trap: reason=unstable_if action=reinterpret pc=0x000001938ffa4bec method=sun.awt.image.ImageRepresentation.setPixels(IIIILjava/awt/image/ColorModel;[III)V @ 8 c2
Event: 7.167 Thread 0x00000193a16db000 Uncommon trap: reason=unreached action=reinterpret pc=0x000001938ffab630 method=java.awt.image.AreaAveragingScaleFilter.accumPixels(IIIILjava/awt/image/ColorModel;Ljava/lang/Object;II)V @ 495 c2
Event: 7.689 Thread 0x00000193a1e36800 Uncommon trap: reason=unstable_if action=reinterpret pc=0x000001938ff97f34 method=java.awt.Component.inside(II)Z @ 13 c2

Classes redefined (0 events):
No events

Internal exceptions (10 events):
Event: 1.059 Thread 0x00000193fd6b6000 Exception <a 'java/lang/NoSuchMethodError'{0x000000074d401c60}: java.lang.invoke.DirectMethodHandle$Holder.invokeSpecialIFC(Ljava/lang/Object;Ljava/lang/Object;Ljava/lang/Object;)I> (0x000000074d401c60) thrown at [./open/src/hotspot/share/interpreter/link
Event: 1.071 Thread 0x00000193fd6b6000 Exception <a 'java/lang/NoSuchMethodError'{0x000000074d475868}: java.lang.invoke.DirectMethodHandle$Holder.invokeVirtual(Ljava/lang/Object;Ljava/lang/Object;I)Ljava/lang/Object;> (0x000000074d475868) thrown at [./open/src/hotspot/share/interpreter/linkRes
Event: 1.121 Thread 0x00000193fd6b6000 Implicit null exception at 0x000001938ff0a258 to 0x000001938ff0a2ea
Event: 1.122 Thread 0x00000193fd6b6000 Implicit null exception at 0x000001938ff0062f to 0x000001938ff006a9
Event: 1.133 Thread 0x00000193fd6b6000 Exception <a 'java/lang/NoSuchMethodError'{0x000000074d193fa0}: java.lang.invoke.DirectMethodHandle$Holder.invokeStatic(Ljava/lang/Object;Ljava/lang/Object;Ljava/lang/Object;Ljava/lang/Object;Ljava/lang/Object;Ljava/lang/Object;Ljava/lang/Object;Ljava/lan
Event: 1.211 Thread 0x00000193fd6b6000 Exception <a 'java/lang/ClassNotFoundException'{0x000000074cf1f098}: com/sun/swing/internal/plaf/metal/resources/spi/metalProvider> (0x000000074cf1f098) thrown at [./open/src/hotspot/share/classfile/systemDictionary.cpp, line 228]
Event: 1.212 Thread 0x00000193fd6b6000 Exception <a 'java/lang/ClassNotFoundException'{0x000000074cf232d8}: com/sun/swing/internal/plaf/basic/resources/spi/basicProvider> (0x000000074cf232d8) thrown at [./open/src/hotspot/share/classfile/systemDictionary.cpp, line 228]
Event: 1.630 Thread 0x00000193a16db000 Implicit null exception at 0x000001938fef6cf7 to 0x000001938fef7218
Event: 1.630 Thread 0x00000193a16db000 Implicit null exception at 0x000001938fee88f4 to 0x000001938fee8e24
Event: 7.125 Thread 0x00000193a16db000 Implicit null exception at 0x000001938ffa3cef to 0x000001938ffa4bd4

Events (10 events):
Event: 7.689 Thread 0x00000193a1e36800 DEOPT PACKING pc=0x000001938ff97f34 sp=0x00000073446fa090
Event: 7.689 Thread 0x00000193a1e36800 DEOPT UNPACKING pc=0x00000193884068af sp=0x00000073446f9f30 mode 2
Event: 7.697 Executing VM operation: RevokeBias
Event: 7.698 Executing VM operation: RevokeBias done
Event: 7.698 Executing VM operation: RevokeBias
Event: 7.698 Executing VM operation: RevokeBias done
Event: 7.700 Executing VM operation: RevokeBias
Event: 7.700 Executing VM operation: RevokeBias done
Event: 7.700 Executing VM operation: G1CollectForAllocation
Event: 7.702 Executing VM operation: G1CollectForAllocation done


Dynamic libraries:
0x00007ff773840000 - 0x00007ff77384f000 	C:\Program Files\Java\jdk-11.0.12\bin\javaw.exe
0x00007ffcff7f0000 - 0x00007ffcff9e5000 	C:\WINDOWS\SYSTEM32\ntdll.dll
0x00007ffcfd8e0000 - 0x00007ffcfd99d000 	C:\WINDOWS\System32\KERNEL32.DLL
0x00007ffcfd410000 - 0x00007ffcfd6dd000 	C:\WINDOWS\System32\KERNELBASE.dll
0x00007ffcfd010000 - 0x00007ffcfd110000 	C:\WINDOWS\System32\ucrtbase.dll
0x00007ffcf8830000 - 0x00007ffcf8845000 	C:\Program Files\Java\jdk-11.0.12\bin\VCRUNTIME140.dll
0x00007ffcf78d0000 - 0x00007ffcf78e8000 	C:\Program Files\Java\jdk-11.0.12\bin\jli.dll
0x00007ffcff510000 - 0x00007ffcff5be000 	C:\WINDOWS\System32\ADVAPI32.dll
0x00007ffcfeba0000 - 0x00007ffcfec3e000 	C:\WINDOWS\System32\msvcrt.dll
0x00007ffcfd840000 - 0x00007ffcfd8dc000 	C:\WINDOWS\System32\sechost.dll
0x00007ffcfe720000 - 0x00007ffcfe845000 	C:\WINDOWS\System32\RPCRT4.dll
0x00007ffcfe850000 - 0x00007ffcfe9f0000 	C:\WINDOWS\System32\USER32.dll
0x00007ffcfd6e0000 - 0x00007ffcfd702000 	C:\WINDOWS\System32\win32u.dll
0x00007ffcee1f0000 - 0x00007ffcee48a000 	C:\WINDOWS\WinSxS\amd64_microsoft.windows.common-controls_6595b64144ccf1df_6.0.19041.1110_none_60b5254171f9507e\COMCTL32.dll
0x00007ffcfdff0000 - 0x00007ffcfe01a000 	C:\WINDOWS\System32\GDI32.dll
0x00007ffcfcf00000 - 0x00007ffcfd00b000 	C:\WINDOWS\System32\gdi32full.dll
0x00007ffcfd370000 - 0x00007ffcfd40d000 	C:\WINDOWS\System32\msvcp_win.dll
0x00007ffcf5e80000 - 0x00007ffcf5e8a000 	C:\WINDOWS\SYSTEM32\VERSION.dll
0x00007ffcfe020000 - 0x00007ffcfe050000 	C:\WINDOWS\System32\IMM32.DLL
0x00007ffce9b10000 - 0x00007ffce9bab000 	C:\Program Files\Java\jdk-11.0.12\bin\msvcp140.dll
0x00007ffcc4560000 - 0x00007ffcc505f000 	C:\Program Files\Java\jdk-11.0.12\bin\server\jvm.dll
0x00007ffcfecc0000 - 0x00007ffcfecc8000 	C:\WINDOWS\System32\PSAPI.DLL
0x00007ffce5ee0000 - 0x00007ffce5f07000 	C:\WINDOWS\SYSTEM32\WINMM.dll
0x00007ffce40c0000 - 0x00007ffce40c9000 	C:\WINDOWS\SYSTEM32\WSOCK32.dll
0x00007ffcfe9f0000 - 0x00007ffcfea5b000 	C:\WINDOWS\System32\WS2_32.dll
0x00007ffcfb8e0000 - 0x00007ffcfb8f2000 	C:\WINDOWS\SYSTEM32\kernel.appcore.dll
0x00007ffcfa3b0000 - 0x00007ffcfa3c0000 	C:\Program Files\Java\jdk-11.0.12\bin\verify.dll
0x00007ffcfad00000 - 0x00007ffcfaee4000 	C:\WINDOWS\SYSTEM32\DBGHELP.DLL
0x00007ffce58a0000 - 0x00007ffce58cc000 	C:\WINDOWS\SYSTEM32\dbgcore.DLL
0x00007ffcfd7b0000 - 0x00007ffcfd832000 	C:\WINDOWS\System32\bcryptPrimitives.dll
0x00007ffcf36f0000 - 0x00007ffcf3718000 	C:\Program Files\Java\jdk-11.0.12\bin\java.dll
0x00007ffcf87a0000 - 0x00007ffcf87aa000 	C:\Program Files\Java\jdk-11.0.12\bin\jimage.dll
0x00007ffcf77d0000 - 0x00007ffcf77e6000 	C:\Program Files\Java\jdk-11.0.12\bin\zip.dll
0x00007ffcfed60000 - 0x00007ffcff4a4000 	C:\WINDOWS\System32\SHELL32.dll
0x00007ffcfaef0000 - 0x00007ffcfb684000 	C:\WINDOWS\SYSTEM32\windows.storage.dll
0x00007ffcfdac0000 - 0x00007ffcfde14000 	C:\WINDOWS\System32\combase.dll
0x00007ffcfc890000 - 0x00007ffcfc8bc000 	C:\WINDOWS\SYSTEM32\Wldp.dll
0x00007ffcff700000 - 0x00007ffcff7ad000 	C:\WINDOWS\System32\SHCORE.dll
0x00007ffcff6a0000 - 0x00007ffcff6f5000 	C:\WINDOWS\System32\shlwapi.dll
0x00007ffcfce40000 - 0x00007ffcfce5f000 	C:\WINDOWS\SYSTEM32\profapi.dll
0x00007ffccd490000 - 0x00007ffccd62a000 	C:\Program Files\Java\jdk-11.0.12\bin\awt.dll
0x00007ffcfea70000 - 0x00007ffcfeb3d000 	C:\WINDOWS\System32\OLEAUT32.dll
0x00007ffcfa460000 - 0x00007ffcfa4f0000 	C:\WINDOWS\SYSTEM32\apphelp.dll
0x00007ffcf1f50000 - 0x00007ffcf1f69000 	C:\Program Files\Java\jdk-11.0.12\bin\net.dll
0x00007ffcf4ab0000 - 0x00007ffcf4bba000 	C:\WINDOWS\SYSTEM32\WINHTTP.dll
0x00007ffcfc5f0000 - 0x00007ffcfc65a000 	C:\WINDOWS\system32\mswsock.dll
0x00007ffcf1e90000 - 0x00007ffcf1ea2000 	C:\Program Files\Java\jdk-11.0.12\bin\nio.dll
0x00007ffcfa560000 - 0x00007ffcfa5fe000 	C:\WINDOWS\system32\uxtheme.dll
0x00007ffcfe600000 - 0x00007ffcfe715000 	C:\WINDOWS\System32\MSCTF.dll
0x00007ffcfe4d0000 - 0x00007ffcfe5fa000 	C:\WINDOWS\System32\ole32.dll
0x00007ffcfa930000 - 0x00007ffcfa95f000 	C:\WINDOWS\system32\DWMAPI.DLL
0x00007ffce53e0000 - 0x00007ffce5506000 	C:\WINDOWS\system32\opengl32.dll
0x00007ffce8250000 - 0x00007ffce827c000 	C:\WINDOWS\SYSTEM32\GLU32.dll
0x00007ffcf5390000 - 0x00007ffcf5399000 	C:\Program Files\Java\jdk-11.0.12\bin\management.dll
0x00007ffcf36d0000 - 0x00007ffcf36db000 	C:\Program Files\Java\jdk-11.0.12\bin\management_ext.dll
0x00007ffcfc7f0000 - 0x00007ffcfc808000 	C:\WINDOWS\SYSTEM32\CRYPTSP.dll
0x00007ffcfbf70000 - 0x00007ffcfbfa4000 	C:\WINDOWS\system32\rsaenh.dll
0x00007ffcfd710000 - 0x00007ffcfd737000 	C:\WINDOWS\System32\bcrypt.dll
0x00007ffcfce00000 - 0x00007ffcfce2e000 	C:\WINDOWS\SYSTEM32\USERENV.dll
0x00007ffcfc7e0000 - 0x00007ffcfc7ec000 	C:\WINDOWS\SYSTEM32\CRYPTBASE.dll
0x00007ffcfc2e0000 - 0x00007ffcfc31b000 	C:\WINDOWS\SYSTEM32\IPHLPAPI.DLL
0x00007ffcfdab0000 - 0x00007ffcfdab8000 	C:\WINDOWS\System32\NSI.dll
0x00007ffcf4830000 - 0x00007ffcf4847000 	C:\WINDOWS\SYSTEM32\dhcpcsvc6.DLL
0x00007ffcf4810000 - 0x00007ffcf482d000 	C:\WINDOWS\SYSTEM32\dhcpcsvc.DLL
0x00007ffcfc320000 - 0x00007ffcfc3eb000 	C:\WINDOWS\SYSTEM32\DNSAPI.dll
0x00007ffcf3a70000 - 0x00007ffcf3a7a000 	C:\Windows\System32\rasadhlp.dll
0x00007ffcf14f0000 - 0x00007ffcf1570000 	C:\WINDOWS\System32\fwpuclnt.dll
0x00007ffce5980000 - 0x00007ffce5997000 	C:\WINDOWS\system32\napinsp.dll
0x00007ffcf6ef0000 - 0x00007ffcf6f0b000 	C:\WINDOWS\system32\pnrpnsp.dll
0x00007ffcf73a0000 - 0x00007ffcf73b5000 	C:\WINDOWS\system32\wshbth.dll
0x00007ffcf8080000 - 0x00007ffcf809d000 	C:\WINDOWS\system32\NLAapi.dll
0x00007ffcf6ed0000 - 0x00007ffcf6ee2000 	C:\WINDOWS\System32\winrnr.dll
0x00007ffcf75d0000 - 0x00007ffcf75dd000 	C:\Program Files\Java\jdk-11.0.12\bin\sunmscapi.dll
0x00007ffcfd210000 - 0x00007ffcfd366000 	C:\WINDOWS\System32\CRYPT32.dll
0x00007ffcfc960000 - 0x00007ffcfc987000 	C:\WINDOWS\SYSTEM32\ncrypt.dll
0x00007ffcfc8c0000 - 0x00007ffcfc8fb000 	C:\WINDOWS\SYSTEM32\NTASN1.dll
0x00007ffce9d80000 - 0x00007ffce9da5000 	C:\Program Files\Java\jdk-11.0.12\bin\sunec.dll
0x00007ffcd8c00000 - 0x00007ffcd8c86000 	C:\Program Files\Java\jdk-11.0.12\bin\freetype.dll
0x00007ffcd66c0000 - 0x00007ffcd6762000 	C:\Program Files\Java\jdk-11.0.12\bin\fontmanager.dll
0x00007ffcfd9a0000 - 0x00007ffcfda49000 	C:\WINDOWS\System32\clbcatq.dll
0x00007ffcf4230000 - 0x00007ffcf43e4000 	C:\WINDOWS\SYSTEM32\WindowsCodecs.dll
0x00007ffce57f0000 - 0x00007ffce582e000 	C:\WINDOWS\system32\dataexchange.dll
0x00007ffcf9a20000 - 0x00007ffcf9c05000 	C:\WINDOWS\system32\dcomp.dll
0x00007ffcf9280000 - 0x00007ffcf94e4000 	C:\WINDOWS\system32\d3d11.dll
0x00007ffcfb7e0000 - 0x00007ffcfb8d3000 	C:\WINDOWS\system32\dxgi.dll
0x00007ffcf4c90000 - 0x00007ffcf4e91000 	C:\WINDOWS\system32\twinapi.appcore.dll
0x00007ffcf5060000 - 0x00007ffcf5159000 	C:\WINDOWS\SYSTEM32\textinputframework.dll
0x00007ffcfa200000 - 0x00007ffcfa2f2000 	C:\WINDOWS\System32\CoreMessaging.dll
0x00007ffcf9d50000 - 0x00007ffcfa0ae000 	C:\WINDOWS\System32\CoreUIComponents.dll
0x00007ffcfbc00000 - 0x00007ffcfbc33000 	C:\WINDOWS\SYSTEM32\ntmarta.dll
0x00007ffcf98c0000 - 0x00007ffcf9a14000 	C:\WINDOWS\SYSTEM32\wintypes.dll
0x00007ffcf7120000 - 0x00007ffcf714d000 	C:\Program Files\Java\jdk-11.0.12\bin\javajpeg.dll

dbghelp: loaded successfully - version: 4.0.5 - missing functions: none
symbol engine: initialized successfully - sym options: 0x614 - pdb path: .;C:\Program Files\Java\jdk-11.0.12\bin;C:\WINDOWS\SYSTEM32;C:\WINDOWS\WinSxS\amd64_microsoft.windows.common-controls_6595b64144ccf1df_6.0.19041.1110_none_60b5254171f9507e;C:\Program Files\Java\jdk-11.0.12\bin\server

VM Arguments:
jvm_args: -Dfile.encoding=Cp1252 
java_command: becapp.Becapp
java_class_path (initial): C:\Users\amart\OneDrive\Escritorio\Copia becapp\Beccapp\src;C:\Users\amart\OneDrive\Escritorio\Librerias\jcalendar-1.4.jar;C:\Users\amart\OneDrive\Escritorio\Librerias\JTattoo-1.6.13.jar;C:\Users\amart\OneDrive\Escritorio\Librerias\ojdbc11.jar
Launcher Type: SUN_STANDARD

[Global flags]
     intx CICompilerCount                          = 4                                         {product} {ergonomic}
     uint ConcGCThreads                            = 2                                         {product} {ergonomic}
     uint G1ConcRefinementThreads                  = 8                                         {product} {ergonomic}
   size_t G1HeapRegionSize                         = 1048576                                   {product} {ergonomic}
    uintx GCDrainStackTargetSize                   = 64                                        {product} {ergonomic}
   size_t InitialHeapSize                          = 201326592                                 {product} {ergonomic}
   size_t MarkStackSize                            = 4194304                                   {product} {ergonomic}
   size_t MaxHeapSize                              = 3198156800                                {product} {ergonomic}
   size_t MaxNewSize                               = 1918894080                                {product} {ergonomic}
   size_t MinHeapDeltaBytes                        = 1048576                                   {product} {ergonomic}
    uintx NonNMethodCodeHeapSize                   = 5836300                                {pd product} {ergonomic}
    uintx NonProfiledCodeHeapSize                  = 122910970                              {pd product} {ergonomic}
    uintx ProfiledCodeHeapSize                     = 122910970                              {pd product} {ergonomic}
    uintx ReservedCodeCacheSize                    = 251658240                              {pd product} {ergonomic}
     bool SegmentedCodeCache                       = true                                      {product} {ergonomic}
     bool UseCompressedClassPointers               = true                                 {lp64_product} {ergonomic}
     bool UseCompressedOops                        = true                                 {lp64_product} {ergonomic}
     bool UseG1GC                                  = true                                      {product} {ergonomic}
     bool UseLargePagesIndividualAllocation        = false                                  {pd product} {ergonomic}

Logging:
Log output configuration:
 #0: stdout all=warning uptime,level,tags
 #1: stderr all=off uptime,level,tags

Environment Variables:
CLASSPATH=C:\Program Files\Java\jdk-11.0.12
PATH=C:\oraclexe\app\oracle\product\11.2.0\server\bin;C:\app\amart\product\21c\dbhomeXE\bin;C:\Program Files\Common Files\Oracle\Java\javapath;C:\Program Files (x86)\Common Files\Intel\Shared Libraries\redist\intel64\compiler;C:\WINDOWS\system32;C:\WINDOWS;C:\WINDOWS\System32\Wbem;C:\WINDOWS\System32\WindowsPowerShell\v1.0\;C:\WINDOWS\System32\OpenSSH\;C:\Program Files\Git\cmd;C:\Program Files\Java\jdk-11.0.12;;C:\Users\amart\AppData\Local\Programs\Microsoft VS Code\bin;C:\Program Files\JetBrains\PyCharm 2021.2.3\bin;
USERNAME=amart
OS=Windows_NT
PROCESSOR_IDENTIFIER=Intel64 Family 6 Model 142 Stepping 10, GenuineIntel



---------------  S Y S T E M  ---------------

OS: Windows 10 , 64 bit Build 19041 (10.0.19041.1706)

CPU:total 8 (initial active 8) (4 cores per cpu, 2 threads per core) family 6 model 142 stepping 10 microcode 0xb4, cmov, cx8, fxsr, mmx, sse, sse2, sse3, ssse3, sse4.1, sse4.2, popcnt, avx, avx2, aes, clmul, erms, 3dnowpref, lzcnt, ht, tsc, tscinvbit, bmi1, bmi2, adx, fma

Memory: 4k page, system-wide physical 12199M (1437M free)
TotalPageFile size 12199M (AvailPageFile size 88M)
current process WorkingSet (physical memory assigned to process): 293M, peak: 293M
current process commit charge ("private bytes"): 331M, peak: 446M

vm_info: Java HotSpot(TM) 64-Bit Server VM (11.0.12+8-LTS-237) for windows-amd64 JRE (11.0.12+8-LTS-237), built on Jun  8 2021 11:25:59 by "mach5one" with MS VC++ 15.9 (VS2017)

END.
