#
# There is insufficient memory for the Java Runtime Environment to continue.
# Native memory allocation (mmap) failed to map 201326592 bytes for Failed to commit area from 0x0000000741600000 to 0x000000074d600000 of length 201326592.
# Possible reasons:
#   The system is out of physical RAM or swap space
#   The process is running with CompressedOops enabled, and the Java Heap may be blocking the growth of the native heap
# Possible solutions:
#   Reduce memory load on the system
#   Increase physical memory or swap space
#   Check if swap backing store is full
#   Decrease Java heap size (-Xmx/-Xms)
#   Decrease number of Java threads
#   Decrease Java thread stack sizes (-Xss)
#   Set larger code cache with -XX:ReservedCodeCacheSize=
# This output file may be truncated or incomplete.
#
#  Out of Memory Error (./open/src/hotspot/os/windows/os_windows.cpp:3273), pid=10700, tid=9288
#
# JRE version:  (11.0.12+8) (build )
# Java VM: Java HotSpot(TM) 64-Bit Server VM (11.0.12+8-LTS-237, mixed mode, sharing, tiered, compressed oops, g1 gc, windows-amd64)
# No core dump will be written. Minidumps are not enabled by default on client versions of Windows
#

---------------  S U M M A R Y ------------

Command Line: -Dfile.encoding=Cp1252 becapp.Becapp

Host: Intel(R) Core(TM) i5-8250U CPU @ 1.60GHz, 8 cores, 11G,  Windows 10 , 64 bit Build 19041 (10.0.19041.1706)
Time: Sat May 28 21:30:16 2022 Hora de verano romance elapsed time: 0.022267 seconds (0d 0h 0m 0s)

---------------  T H R E A D  ---------------

Current thread (0x0000020732dca800):  JavaThread "Unknown thread" [_thread_in_vm, id=9288, stack(0x0000009533a00000,0x0000009533b00000)]

Stack: [0x0000009533a00000,0x0000009533b00000]
Native frames: (J=compiled Java code, j=interpreted, Vv=VM code, C=native code)
V  [jvm.dll+0x617d9a]
V  [jvm.dll+0x74eeef]
V  [jvm.dll+0x750599]
V  [jvm.dll+0x750c23]
V  [jvm.dll+0x2438d8]
V  [jvm.dll+0x61518a]
V  [jvm.dll+0x609f45]
V  [jvm.dll+0x2f85cc]
V  [jvm.dll+0x2f8452]
V  [jvm.dll+0x2fd106]
V  [jvm.dll+0x33f6ef]
V  [jvm.dll+0x33f120]
V  [jvm.dll+0x2d5ca8]
V  [jvm.dll+0x2d6e06]
V  [jvm.dll+0x72a977]
V  [jvm.dll+0x72c21f]
V  [jvm.dll+0x34c469]
V  [jvm.dll+0x710400]
V  [jvm.dll+0x3b5baf]
V  [jvm.dll+0x3b7cb1]
C  [jli.dll+0x520b]
C  [ucrtbase.dll+0x21bb2]
C  [KERNEL32.DLL+0x17034]
C  [ntdll.dll+0x52651]


---------------  P R O C E S S  ---------------

Threads class SMR info:
_java_thread_list=0x0000020730d20680, length=0, elements={
}

Java Threads: ( => current thread )

Other Threads:
  0x0000020732ddf800 GCTaskThread "GC Thread#0" [stack: 0x0000009533b00000,0x0000009533c00000] [id=11852]
  0x0000020732e20800 ConcurrentGCThread "G1 Main Marker" [stack: 0x0000009533c00000,0x0000009533d00000] [id=12316]
  0x0000020732e22800 ConcurrentGCThread "G1 Conc#0" [stack: 0x0000009533d00000,0x0000009533e00000] [id=6748]

[error occurred during error reporting (printing all threads), id 0xc0000005, EXCEPTION_ACCESS_VIOLATION (0xc0000005) at pc=0x00007ffcc4844f37]

VM state:not at safepoint (not fully initialized)

VM Mutex/Monitor currently owned by a thread:  ([mutex/lock_event])
[0x0000020732dc64b0] Heap_lock - owner thread: 0x0000020732dca800

Heap address: 0x0000000741600000, size: 3050 MB, Compressed Oops mode: Non-zero based: 0x0000000741600000
Narrow klass base: 0x0000000000000000, Narrow klass shift: 0

GC Heap History (0 events):
No events

Deoptimization events (0 events):
No events

Classes redefined (0 events):
No events

Internal exceptions (0 events):
No events

Events (0 events):
No events


Dynamic libraries:
0x00007ff773840000 - 0x00007ff77384f000 	C:\Program Files\Java\jdk-11.0.12\bin\javaw.exe
0x00007ffcff7f0000 - 0x00007ffcff9e5000 	C:\WINDOWS\SYSTEM32\ntdll.dll
0x00007ffcfd8e0000 - 0x00007ffcfd99d000 	C:\WINDOWS\System32\KERNEL32.DLL
0x00007ffcfd410000 - 0x00007ffcfd6dd000 	C:\WINDOWS\System32\KERNELBASE.dll
0x00007ffcfd010000 - 0x00007ffcfd110000 	C:\WINDOWS\System32\ucrtbase.dll
0x00007ffcf8830000 - 0x00007ffcf8845000 	C:\Program Files\Java\jdk-11.0.12\bin\VCRUNTIME140.dll
0x00007ffcf78d0000 - 0x00007ffcf78e8000 	C:\Program Files\Java\jdk-11.0.12\bin\jli.dll
0x00007ffcff510000 - 0x00007ffcff5be000 	C:\WINDOWS\System32\ADVAPI32.dll
0x00007ffcfeba0000 - 0x00007ffcfec3e000 	C:\WINDOWS\System32\msvcrt.dll
0x00007ffcfd840000 - 0x00007ffcfd8dc000 	C:\WINDOWS\System32\sechost.dll
0x00007ffcfe720000 - 0x00007ffcfe845000 	C:\WINDOWS\System32\RPCRT4.dll
0x00007ffcfe850000 - 0x00007ffcfe9f0000 	C:\WINDOWS\System32\USER32.dll
0x00007ffcee1f0000 - 0x00007ffcee48a000 	C:\WINDOWS\WinSxS\amd64_microsoft.windows.common-controls_6595b64144ccf1df_6.0.19041.1110_none_60b5254171f9507e\COMCTL32.dll
0x00007ffcfd6e0000 - 0x00007ffcfd702000 	C:\WINDOWS\System32\win32u.dll
0x00007ffcfdff0000 - 0x00007ffcfe01a000 	C:\WINDOWS\System32\GDI32.dll
0x00007ffcfcf00000 - 0x00007ffcfd00b000 	C:\WINDOWS\System32\gdi32full.dll
0x00007ffcfd370000 - 0x00007ffcfd40d000 	C:\WINDOWS\System32\msvcp_win.dll
0x00007ffcf5e80000 - 0x00007ffcf5e8a000 	C:\WINDOWS\SYSTEM32\VERSION.dll
0x00007ffcfe020000 - 0x00007ffcfe050000 	C:\WINDOWS\System32\IMM32.DLL
0x00007ffce9b10000 - 0x00007ffce9bab000 	C:\Program Files\Java\jdk-11.0.12\bin\msvcp140.dll
0x00007ffcc4560000 - 0x00007ffcc505f000 	C:\Program Files\Java\jdk-11.0.12\bin\server\jvm.dll
0x00007ffcfecc0000 - 0x00007ffcfecc8000 	C:\WINDOWS\System32\PSAPI.DLL
0x00007ffce40c0000 - 0x00007ffce40c9000 	C:\WINDOWS\SYSTEM32\WSOCK32.dll
0x00007ffcfe9f0000 - 0x00007ffcfea5b000 	C:\WINDOWS\System32\WS2_32.dll
0x00007ffce5ee0000 - 0x00007ffce5f07000 	C:\WINDOWS\SYSTEM32\WINMM.dll
0x00007ffcfb8e0000 - 0x00007ffcfb8f2000 	C:\WINDOWS\SYSTEM32\kernel.appcore.dll
0x00007ffcfa3b0000 - 0x00007ffcfa3c0000 	C:\Program Files\Java\jdk-11.0.12\bin\verify.dll
0x00007ffcfad00000 - 0x00007ffcfaee4000 	C:\WINDOWS\SYSTEM32\DBGHELP.DLL
0x00007ffce58a0000 - 0x00007ffce58cc000 	C:\WINDOWS\SYSTEM32\dbgcore.DLL
0x00007ffcfd7b0000 - 0x00007ffcfd832000 	C:\WINDOWS\System32\bcryptPrimitives.dll
0x00007ffcf36f0000 - 0x00007ffcf3718000 	C:\Program Files\Java\jdk-11.0.12\bin\java.dll
0x00007ffcf87a0000 - 0x00007ffcf87aa000 	C:\Program Files\Java\jdk-11.0.12\bin\jimage.dll
0x00007ffcf77d0000 - 0x00007ffcf77e6000 	C:\Program Files\Java\jdk-11.0.12\bin\zip.dll

dbghelp: loaded successfully - version: 4.0.5 - missing functions: none
symbol engine: initialized successfully - sym options: 0x614 - pdb path: .;C:\Program Files\Java\jdk-11.0.12\bin;C:\WINDOWS\SYSTEM32;C:\WINDOWS\WinSxS\amd64_microsoft.windows.common-controls_6595b64144ccf1df_6.0.19041.1110_none_60b5254171f9507e;C:\Program Files\Java\jdk-11.0.12\bin\server

VM Arguments:
jvm_args: -Dfile.encoding=Cp1252 
java_command: becapp.Becapp
java_class_path (initial): C:\Users\amart\OneDrive\Escritorio\Copia becapp\Beccapp\src;C:\Users\amart\OneDrive\Escritorio\Librerias\jcalendar-1.4.jar;C:\Users\amart\OneDrive\Escritorio\Librerias\JTattoo-1.6.13.jar;C:\Users\amart\OneDrive\Escritorio\Librerias\ojdbc11.jar
Launcher Type: SUN_STANDARD

[Global flags]
     intx CICompilerCount                          = 4                                         {product} {ergonomic}
     uint ConcGCThreads                            = 2                                         {product} {ergonomic}
     uint G1ConcRefinementThreads                  = 8                                         {product} {ergonomic}
   size_t G1HeapRegionSize                         = 1048576                                   {product} {ergonomic}
    uintx GCDrainStackTargetSize                   = 64                                        {product} {ergonomic}
   size_t InitialHeapSize                          = 201326592                                 {product} {ergonomic}
   size_t MarkStackSize                            = 4194304                                   {product} {ergonomic}
   size_t MaxHeapSize                              = 3198156800                                {product} {ergonomic}
   size_t MinHeapDeltaBytes                        = 1048576                                   {product} {ergonomic}
    uintx NonNMethodCodeHeapSize                   = 5836300                                {pd product} {ergonomic}
    uintx NonProfiledCodeHeapSize                  = 122910970                              {pd product} {ergonomic}
    uintx ProfiledCodeHeapSize                     = 122910970                              {pd product} {ergonomic}
    uintx ReservedCodeCacheSize                    = 251658240                              {pd product} {ergonomic}
     bool SegmentedCodeCache                       = true                                      {product} {ergonomic}
     bool UseCompressedClassPointers               = true                                 {lp64_product} {ergonomic}
     bool UseCompressedOops                        = true                                 {lp64_product} {ergonomic}
     bool UseG1GC                                  = true                                      {product} {ergonomic}
     bool UseLargePagesIndividualAllocation        = false                                  {pd product} {ergonomic}

Logging:
Log output configuration:
 #0: stdout all=warning uptime,level,tags
 #1: stderr all=off uptime,level,tags

Environment Variables:
CLASSPATH=C:\Program Files\Java\jdk-11.0.12
PATH=C:\oraclexe\app\oracle\product\11.2.0\server\bin;C:\app\amart\product\21c\dbhomeXE\bin;C:\Program Files\Common Files\Oracle\Java\javapath;C:\Program Files (x86)\Common Files\Intel\Shared Libraries\redist\intel64\compiler;C:\WINDOWS\system32;C:\WINDOWS;C:\WINDOWS\System32\Wbem;C:\WINDOWS\System32\WindowsPowerShell\v1.0\;C:\WINDOWS\System32\OpenSSH\;C:\Program Files\Git\cmd;C:\Program Files\Java\jdk-11.0.12;;C:\Users\amart\AppData\Local\Programs\Microsoft VS Code\bin;C:\Program Files\JetBrains\PyCharm 2021.2.3\bin;
USERNAME=amart
OS=Windows_NT
PROCESSOR_IDENTIFIER=Intel64 Family 6 Model 142 Stepping 10, GenuineIntel



---------------  S Y S T E M  ---------------

OS: Windows 10 , 64 bit Build 19041 (10.0.19041.1706)

CPU:total 8 (initial active 8) (4 cores per cpu, 2 threads per core) family 6 model 142 stepping 10 microcode 0xb4, cmov, cx8, fxsr, mmx, sse, sse2, sse3, ssse3, sse4.1, sse4.2, popcnt, avx, avx2, aes, clmul, erms, 3dnowpref, lzcnt, ht, tsc, tscinvbit, bmi1, bmi2, adx, fma

Memory: 4k page, system-wide physical 12199M (2236M free)
TotalPageFile size 12199M (AvailPageFile size 41M)
current process WorkingSet (physical memory assigned to process): 10M, peak: 10M
current process commit charge ("private bytes"): 60M, peak: 252M

vm_info: Java HotSpot(TM) 64-Bit Server VM (11.0.12+8-LTS-237) for windows-amd64 JRE (11.0.12+8-LTS-237), built on Jun  8 2021 11:25:59 by "mach5one" with MS VC++ 15.9 (VS2017)

END.
